[INFO]    Initialized logging in resultados\pabot_results
[INFO]    Robot Framework remote server at 127.0.0.1:8270 started.
[DEBUG]   Storing .pabotsuitenames file
[DEBUG]   2026-07-08 04:44:01.734051 [PID:580] [0] [ID:0] EXECUTING Suites.Api.06 Api Tests
[DEBUG]   2026-07-08 04:44:01.734225 [PID:26320] [1] [ID:1] EXECUTING Suites.Ui.04 Login
[INFO]    2026-07-08 04:44:03.953900 [PID:580] [0] [ID:0] PASSED Suites.Api.06 Api Tests in 2.2 seconds
[DEBUG]   2026-07-08 04:44:03.964149 [PID:11352] [0] [ID:2] EXECUTING Suites.Ui.05 Login Ddt
[DEBUG]   2026-07-08 04:44:06.760910 [PID:26320] [1] [ID:1] still running Suites.Ui.04 Login after 5.0s
[DEBUG]   2026-07-08 04:44:09.012584 [PID:11352] [0] [ID:2] still running Suites.Ui.05 Login Ddt after 5.0s
[INFO]    2026-07-08 04:44:09.164107 [PID:11352] [0] [ID:2] Execution failed in Suites.Ui.05 Login Ddt with 4 failing test(s)
==============================================================================
Suites
==============================================================================
Suites.Ui
==============================================================================
Suites.Ui.05 Login Ddt
==============================================================================
Usuario estandar                                                      | FAIL |
No keyword with name 'Ingresar Credenciales' found.
------------------------------------------------------------------------------
Usuario bloqueado                                                     | FAIL |
No keyword with name 'Ingresar Credenciales' found.
------------------------------------------------------------------------------
Clave incorrecta                                                      | FAIL |
No keyword with name 'Ingresar Credenciales' found.
------------------------------------------------------------------------------
Usuario vacio                                                         | FAIL |
No keyword with name 'Ingresar Credenciales' found.
------------------------------------------------------------------------------
Suites.Ui.05 Login Ddt                                                | FAIL |
4 tests, 0 passed, 4 failed
==============================================================================
Suites.Ui                                                             | FAIL |
4 tests, 0 passed, 4 failed
==============================================================================
Suites                                                                | FAIL |
4 tests, 0 passed, 4 failed
==============================================================================
Output:  C:\Users\eduar\robotframework-lab\resultados\pabot_results\2\output.xml

[ ERROR ] Error in file 'C:\Users\eduar\robotframework-lab\ui\05_login_ddt.robot' on line 3: Resource file 'login_page.resource' does not exist.
[INFO]    2026-07-08 04:44:11.214504 [PID:26320] [1] [ID:1] PASSED Suites.Ui.04 Login in 9.5 seconds
[INFO]    9 tests, 5 passed, 4 failed, 0 skipped.
[INFO]    ===================================================
[INFO]    Output:  C:\Users\eduar\robotframework-lab\resultados\output.xml
[INFO]    Log:     C:\Users\eduar\robotframework-lab\resultados\log.html
[INFO]    Report:  C:\Users\eduar\robotframework-lab\resultados\report.html
[DEBUG]   Finalizing Pabot execution...
[DEBUG]   Stopping PabotLib process
[INFO]    Robot Framework remote server at 127.0.0.1:8270 stopped.
[DEBUG]   PabotLib process stopped
[INFO]    Total testing: 16.89 seconds
[INFO]    Elapsed time:  10.49 seconds
[DEBUG]   Logs flushed successfully.
