2026-07-08 04:44:02.113960 ==============================================================================
2026-07-08 04:44:02.130389 Suites
2026-07-08 04:44:02.130603 ==============================================================================
2026-07-08 04:44:02.130667 Suites.Ui
2026-07-08 04:44:02.131690 ==============================================================================
2026-07-08 04:44:02.383698 Suites.Ui.04 Login
2026-07-08 04:44:02.389924 ==============================================================================
2026-07-08 04:44:07.178344 Login Exitoso Con Usuario Valido                                      | PASS |
2026-07-08 04:44:07.183998 ------------------------------------------------------------------------------
2026-07-08 04:44:11.010896 Login Fallido Con Usuario Bloqueado                                   | PASS |
2026-07-08 04:44:11.013230 ------------------------------------------------------------------------------
2026-07-08 04:44:11.013295 Suites.Ui.04 Login                                                    | PASS |
2026-07-08 04:44:11.014352 2 tests, 2 passed, 0 failed
2026-07-08 04:44:11.014490 ==============================================================================
2026-07-08 04:44:11.014558 Suites.Ui                                                             | PASS |
2026-07-08 04:44:11.015360 2 tests, 2 passed, 0 failed
2026-07-08 04:44:11.015492 ==============================================================================
2026-07-08 04:44:11.015561 Suites                                                                | PASS |
2026-07-08 04:44:11.016169 2 tests, 2 passed, 0 failed
2026-07-08 04:44:11.016381 ==============================================================================
2026-07-08 04:44:11.016420 Output:  C:\Users\eduar\robotframework-lab\resultados\pabot_results\1\output.xml
