2026-07-08 04:44:04.409941 ==============================================================================
2026-07-08 04:44:04.467626 Suites
2026-07-08 04:44:04.467671 ==============================================================================
2026-07-08 04:44:04.467696 Suites.Ui
2026-07-08 04:44:04.469039 ==============================================================================
2026-07-08 04:44:04.862802 Suites.Ui.05 Login Ddt
2026-07-08 04:44:04.862802 [ ERROR ] Error in file 'C:\Users\eduar\robotframework-lab\ui\05_login_ddt.robot' on line 3: Resource file 'login_page.resource' does not exist.
2026-07-08 04:44:04.916196 ==============================================================================
2026-07-08 04:44:06.436411 Usuario estandar                                                      | FAIL |
2026-07-08 04:44:06.444031 No keyword with name 'Ingresar Credenciales' found.
2026-07-08 04:44:06.444061 ------------------------------------------------------------------------------
2026-07-08 04:44:06.444081 Usuario bloqueado                                                     | FAIL |
2026-07-08 04:44:06.472345 No keyword with name 'Ingresar Credenciales' found.
2026-07-08 04:44:06.472371 ------------------------------------------------------------------------------
2026-07-08 04:44:06.472383 Clave incorrecta                                                      | FAIL |
2026-07-08 04:44:06.499333 No keyword with name 'Ingresar Credenciales' found.
2026-07-08 04:44:06.499352 ------------------------------------------------------------------------------
2026-07-08 04:44:06.499363 Usuario vacio                                                         | FAIL |
2026-07-08 04:44:06.536504 No keyword with name 'Ingresar Credenciales' found.
2026-07-08 04:44:06.538249 ------------------------------------------------------------------------------
2026-07-08 04:44:08.741621 Suites.Ui.05 Login Ddt                                                | FAIL |
2026-07-08 04:44:08.785969 4 tests, 0 passed, 4 failed
2026-07-08 04:44:08.786052 ==============================================================================
2026-07-08 04:44:08.786151 Suites.Ui                                                             | FAIL |
2026-07-08 04:44:08.786498 4 tests, 0 passed, 4 failed
2026-07-08 04:44:08.786515 ==============================================================================
2026-07-08 04:44:08.786529 Suites                                                                | FAIL |
2026-07-08 04:44:08.786958 4 tests, 0 passed, 4 failed
2026-07-08 04:44:08.787006 ==============================================================================
2026-07-08 04:44:08.787019 Output:  C:\Users\eduar\robotframework-lab\resultados\pabot_results\2\output.xml
