2026-07-08 04:44:02.113823 ==============================================================================
2026-07-08 04:44:02.130436 Suites
2026-07-08 04:44:02.130641 ==============================================================================
2026-07-08 04:44:02.130692 Suites.Api
2026-07-08 04:44:02.131671 ==============================================================================
2026-07-08 04:44:02.194090 Suites.Api.06 Api Tests
2026-07-08 04:44:02.236950 ==============================================================================
2026-07-08 04:44:02.711775 Obtener Lista De Usuarios                                             | PASS |
2026-07-08 04:44:02.711775 C:\Users\eduar\robotframework-lab\venv\Lib\site-packages\urllib3\connectionpool.py:1110: InsecureRequestWarning: Unverified HTTPS request is being made to host 'reqres.in'. Adding certificate verification is strongly advised. See: https://urllib3.readthedocs.io/en/latest/advanced-usage.html#tls-warnings
2026-07-08 04:44:02.732663 ------------------------------------------------------------------------------
2026-07-08 04:44:02.732663   warnings.warn(
2026-07-08 04:44:03.171141 Crear Nuevo Usuario                                                   | PASS |
2026-07-08 04:44:03.171141 C:\Users\eduar\robotframework-lab\venv\Lib\site-packages\urllib3\connectionpool.py:1110: InsecureRequestWarning: Unverified HTTPS request is being made to host 'reqres.in'. Adding certificate verification is strongly advised. See: https://urllib3.readthedocs.io/en/latest/advanced-usage.html#tls-warnings
2026-07-08 04:44:03.194764 ------------------------------------------------------------------------------
2026-07-08 04:44:03.194764   warnings.warn(
2026-07-08 04:44:03.609260 Obtener Usuario Inexistente                                           | PASS |
2026-07-08 04:44:03.609260 C:\Users\eduar\robotframework-lab\venv\Lib\site-packages\urllib3\connectionpool.py:1110: InsecureRequestWarning: Unverified HTTPS request is being made to host 'reqres.in'. Adding certificate verification is strongly advised. See: https://urllib3.readthedocs.io/en/latest/advanced-usage.html#tls-warnings
2026-07-08 04:44:03.649813 ------------------------------------------------------------------------------
2026-07-08 04:44:03.649813   warnings.warn(
2026-07-08 04:44:03.649829 Suites.Api.06 Api Tests                                               | PASS |
2026-07-08 04:44:03.650452 3 tests, 3 passed, 0 failed
2026-07-08 04:44:03.650512 ==============================================================================
2026-07-08 04:44:03.650525 Suites.Api                                                            | PASS |
2026-07-08 04:44:03.650880 3 tests, 3 passed, 0 failed
2026-07-08 04:44:03.650929 ==============================================================================
2026-07-08 04:44:03.650937 Suites                                                                | PASS |
2026-07-08 04:44:03.651272 3 tests, 3 passed, 0 failed
2026-07-08 04:44:03.651303 ==============================================================================
2026-07-08 04:44:03.651311 Output:  C:\Users\eduar\robotframework-lab\resultados\pabot_results\0\output.xml
